<?xml version="1.0" encoding="UTF-8"?>
<!-- Generated by org.testng.reporters.JUnitReportReporter -->
<testsuite hostname="DESKTOP-UCTB0PM" failures="0" tests="2" name="testng.HMS_login_logout" time="14.154" errors="0" timestamp="2022-08-04T19:17:21 IST" skipped="0">
  <testcase classname="testng.HMS_login_logout" name="signout" time="5.960"/>
  <system-out/>
  <testcase classname="testng.HMS_login_logout" name="verify_login" time="8.194"/>
  <system-out/>
</testsuite> <!-- testng.HMS_login_logout -->
