<?xml version="1.0" encoding="UTF-8"?>
<!-- Generated by org.testng.reporters.JUnitReportReporter -->
<testsuite hostname="DESKTOP-UCTB0PM" failures="0" tests="1" name="testng.GLniksParameterization" time="13.691" errors="0" timestamp="2022-08-05T00:04:44 IST" skipped="0">
  <testcase classname="testng.GLniksParameterization" name="CliclLinks" time="13.691"/>
  <system-out/>
</testsuite> <!-- testng.GLniksParameterization -->
