<?xml version="1.0" encoding="UTF-8"?>
<!-- Generated by org.testng.reporters.JUnitReportReporter -->
<testsuite hostname="DESKTOP-UCTB0PM" failures="0" tests="2" name="testng.Sample" time="0.018" errors="0" timestamp="2022-08-02T17:21:05 IST" skipped="0">
  <testcase classname="testng.Sample" name="f" time="0.013"/>
  <system-out/>
  <testcase classname="testng.Sample" name="run" time="0.005"/>
  <system-out/>
</testsuite> <!-- testng.Sample -->
