<?xml version="1.0" encoding="UTF-8"?>
<!-- Generated by org.testng.reporters.JUnitReportReporter -->
<testsuite hostname="DESKTOP-UCTB0PM" failures="0" tests="3" name="testng.GoogleLanguages_PR" time="48.811" errors="0" timestamp="2022-08-04T23:14:21 IST" skipped="0">
  <testcase classname="testng.GoogleLanguages_PR" name="Hindi" time="3.935"/>
  <system-out/>
  <testcase classname="testng.GoogleLanguages_PR" name="Bengali" time="17.002"/>
  <system-out/>
  <testcase classname="testng.GoogleLanguages_PR" name="Telugu" time="27.874"/>
  <system-out/>
</testsuite> <!-- testng.GoogleLanguages_PR -->
